<?xml version="1.0" encoding="UTF-8"?>
<testsuites name="Mocha Tests" time="28.4340" tests="14" failures="0">
  <testsuite name="Root Suite" timestamp="2021-07-22T08:34:09" tests="0" time="0.0000" failures="0">
  </testsuite>
  <testsuite name="Admin suite" timestamp="2021-07-22T08:34:09" tests="0" file="C:\Users\Nina\Documents\proshop-test-automation\test\ui\admin.spec.js" time="0.0000" failures="0">
  </testsuite>
  <testsuite name="Products dashboard" timestamp="2021-07-22T08:34:11" tests="14" file="C:\Users\Nina\Documents\proshop-test-automation\test\ui\admin.spec.js" time="28.4340" failures="0">
    <testcase name="Admin suite Products dashboard should create sample product" time="1.2370" classname="should create sample product">
    </testcase>
    <testcase name="Admin suite Products dashboard should display error if empty name field updated" time="1.0530" classname="should display error if empty name field updated">
    </testcase>
    <testcase name="Admin suite Products dashboard should edit product name" time="1.6920" classname="should edit product name">
    </testcase>
    <testcase name="Admin suite Products dashboard should display error if empty price field updated" time="0.7040" classname="should display error if empty price field updated">
    </testcase>
    <testcase name="Admin suite Products dashboard should edit product price" time="1.5880" classname="should edit product price">
    </testcase>
    <testcase name="Admin suite Products dashboard should display error if empty brand field updated" time="1.0060" classname="should display error if empty brand field updated">
    </testcase>
    <testcase name="Admin suite Products dashboard should edit product brand" time="1.6580" classname="should edit product brand">
    </testcase>
    <testcase name="Admin suite Products dashboard should display error if empty category field updated" time="1.0330" classname="should display error if empty category field updated">
    </testcase>
    <testcase name="Admin suite Products dashboard should edit product category" time="1.7110" classname="should edit product category">
    </testcase>
    <testcase name="Admin suite Products dashboard should display error if empty count in stock field updated" time="0.7280" classname="should display error if empty count in stock field updated">
    </testcase>
    <testcase name="Admin suite Products dashboard should edit product count in stock" time="12.5180" classname="should edit product count in stock">
    </testcase>
    <testcase name="Admin suite Products dashboard should display error if empty description field updated" time="1.1690" classname="should display error if empty description field updated">
    </testcase>
    <testcase name="Admin suite Products dashboard should edit product description" time="1.5300" classname="should edit product description">
    </testcase>
    <testcase name="Admin suite Products dashboard should delete sample product" time="0.8070" classname="should delete sample product">
    </testcase>
  </testsuite>
</testsuites>