<?xml version="1.0" encoding="UTF-8"?>
<testsuites name="Mocha Tests" time="21.6080" tests="6" failures="0">
  <testsuite name="Root Suite" timestamp="2021-08-10T19:48:09" tests="0" time="0.0000" failures="0">
  </testsuite>
  <testsuite name="Register suite" timestamp="2021-08-10T19:48:09" tests="6" file="C:\Users\Nina\Documents\proshop-test-automation\test\ui\register.spec.js" time="21.6080" failures="0">
    <testcase name="Register suite should not register user without name" time="13.3590" classname="should not register user without name">
    </testcase>
    <testcase name="Register suite should not register user without email" time="1.5100" classname="should not register user without email">
    </testcase>
    <testcase name="Register suite should not register user without password" time="0.9340" classname="should not register user without password">
    </testcase>
    <testcase name="Register suite should not register user with unmatched passwords" time="1.5440" classname="should not register user with unmatched passwords">
    </testcase>
    <testcase name="Register suite should succesfully register a user" time="3.1350" classname="should succesfully register a user">
    </testcase>
    <testcase name="Register suite should not register a user with existing email" time="1.1260" classname="should not register a user with existing email">
    </testcase>
  </testsuite>
</testsuites>